<?xml version="1.0" encoding="UTF-8"?>
<testsuite name="com.bushido.challenge.TechnicalChallengeApplicationTests" tests="1" skipped="0" failures="0" errors="0" timestamp="2025-04-15T16:19:07.330Z" hostname="DESKTOP-SCO0HI2" time="0.975">
  <properties/>
  <testcase name="contextLoads()" classname="com.bushido.challenge.TechnicalChallengeApplicationTests" time="0.975"/>
  <system-out><![CDATA[13:18:55.971 [Test worker] INFO org.springframework.test.context.support.AnnotationConfigContextLoaderUtils -- Could not detect default configuration classes for test class [com.bushido.challenge.TechnicalChallengeApplicationTests]: TechnicalChallengeApplicationTests does not declare any static, non-private, non-final, nested classes annotated with @Configuration.
13:18:56.223 [Test worker] INFO org.springframework.boot.test.context.SpringBootTestContextBootstrapper -- Found @SpringBootConfiguration com.bushido.challenge.TechnicalChallengeApplication for test class com.bushido.challenge.TechnicalChallengeApplicationTests

  .   ____          _            __ _ _
 /\\ / ___'_ __ _ _(_)_ __  __ _ \ \ \ \
( ( )\___ | '_ | '_| | '_ \/ _` | \ \ \ \
 \\/  ___)| |_)| | | | | || (_| |  ) ) ) )
  '  |____| .__|_| |_|_| |_\__, | / / / /
 =========|_|==============|___/=/_/_/_/

 :: Spring Boot ::                (v3.4.4)

2025-04-15T13:18:56.956-03:00  INFO 2892 --- [technical-challenge] [    Test worker] c.b.c.TechnicalChallengeApplicationTests : Starting TechnicalChallengeApplicationTests using Java 21.0.6 with PID 2892 (started by Yo in D:\Descargas\technical-challenge\technical-challenge)
2025-04-15T13:18:56.958-03:00  INFO 2892 --- [technical-challenge] [    Test worker] c.b.c.TechnicalChallengeApplicationTests : No active profile set, falling back to 1 default profile: "default"
2025-04-15T13:18:59.071-03:00  INFO 2892 --- [technical-challenge] [    Test worker] .s.d.r.c.RepositoryConfigurationDelegate : Bootstrapping Spring Data JPA repositories in DEFAULT mode.
2025-04-15T13:18:59.318-03:00  INFO 2892 --- [technical-challenge] [    Test worker] .s.d.r.c.RepositoryConfigurationDelegate : Finished Spring Data repository scanning in 228 ms. Found 5 JPA repository interfaces.
2025-04-15T13:19:00.369-03:00  INFO 2892 --- [technical-challenge] [    Test worker] o.hibernate.jpa.internal.util.LogHelper  : HHH000204: Processing PersistenceUnitInfo [name: default]
2025-04-15T13:19:00.486-03:00  INFO 2892 --- [technical-challenge] [    Test worker] org.hibernate.Version                    : HHH000412: Hibernate ORM core version 6.6.11.Final
2025-04-15T13:19:00.552-03:00  INFO 2892 --- [technical-challenge] [    Test worker] o.h.c.internal.RegionFactoryInitiator    : HHH000026: Second-level cache disabled
2025-04-15T13:19:01.315-03:00  INFO 2892 --- [technical-challenge] [    Test worker] o.s.o.j.p.SpringPersistenceUnitInfo      : No LoadTimeWeaver setup: ignoring JPA class transformer
2025-04-15T13:19:01.369-03:00  INFO 2892 --- [technical-challenge] [    Test worker] com.zaxxer.hikari.HikariDataSource       : HikariPool-1 - Starting...
2025-04-15T13:19:01.780-03:00  INFO 2892 --- [technical-challenge] [    Test worker] com.zaxxer.hikari.pool.HikariPool        : HikariPool-1 - Added connection org.postgresql.jdbc.PgConnection@74bfdd66
2025-04-15T13:19:01.783-03:00  INFO 2892 --- [technical-challenge] [    Test worker] com.zaxxer.hikari.HikariDataSource       : HikariPool-1 - Start completed.
2025-04-15T13:19:01.869-03:00  WARN 2892 --- [technical-challenge] [    Test worker] org.hibernate.orm.deprecation            : HHH90000025: PostgreSQLDialect does not need to be specified explicitly using 'hibernate.dialect' (remove the property setting and it will be selected by default)
2025-04-15T13:19:01.917-03:00  INFO 2892 --- [technical-challenge] [    Test worker] org.hibernate.orm.connections.pooling    : HHH10001005: Database info:
	Database JDBC URL [Connecting through datasource 'HikariDataSource (HikariPool-1)']
	Database driver: undefined/unknown
	Database version: 17.4
	Autocommit mode: undefined/unknown
	Isolation level: undefined/unknown
	Minimum pool size: undefined/unknown
	Maximum pool size: undefined/unknown
2025-04-15T13:19:03.894-03:00  INFO 2892 --- [technical-challenge] [    Test worker] o.h.e.t.j.p.i.JtaPlatformInitiator       : HHH000489: No JTA platform available (set 'hibernate.transaction.jta.platform' to enable JTA platform integration)
2025-04-15T13:19:04.303-03:00  INFO 2892 --- [technical-challenge] [    Test worker] j.LocalContainerEntityManagerFactoryBean : Initialized JPA EntityManagerFactory for persistence unit 'default'
2025-04-15T13:19:06.235-03:00  WARN 2892 --- [technical-challenge] [    Test worker] JpaBaseConfiguration$JpaWebConfiguration : spring.jpa.open-in-view is enabled by default. Therefore, database queries may be performed during view rendering. Explicitly configure spring.jpa.open-in-view to disable this warning
2025-04-15T13:19:07.305-03:00  INFO 2892 --- [technical-challenge] [    Test worker] c.b.c.TechnicalChallengeApplicationTests : Started TechnicalChallengeApplicationTests in 10.835 seconds (process running for 13.031)
]]></system-out>
  <system-err><![CDATA[Mockito is currently self-attaching to enable the inline-mock-maker. This will no longer work in future releases of the JDK. Please add Mockito as an agent to your build what is described in Mockito's documentation: https://javadoc.io/doc/org.mockito/mockito-core/latest/org/mockito/Mockito.html#0.3
WARNING: A Java agent has been loaded dynamically (C:\Users\eblon\.gradle\caches\modules-2\files-2.1\net.bytebuddy\byte-buddy-agent\1.15.11\a38b16385e867f59a641330f0362ebe742788ed8\byte-buddy-agent-1.15.11.jar)
WARNING: If a serviceability tool is in use, please run with -XX:+EnableDynamicAgentLoading to hide this warning
WARNING: If a serviceability tool is not in use, please run with -Djdk.instrument.traceUsage for more information
WARNING: Dynamic loading of agents will be disallowed by default in a future release
]]></system-err>
</testsuite>
